<?xml version="1.0" encoding="UTF-8"?>
<!-- Generated by org.testng.reporters.JUnitXMLReporter -->
<testsuite hostname="DESKTOP-4Q8V869" ignored="1" name="demoTest" tests="1" failures="0" timestamp="03 五月 2018 09:25:42 GMT" time="2.995" errors="0">
  <testcase name="commentPostMethod" time="2.966" classname="demo.CommentListTest"/>
  <testcase name="commentListTestMethod" time="0.0" classname="demo.CommentListTest">
    <ignored/>
  </testcase> <!-- commentListTestMethod -->
</testsuite> <!-- demoTest -->
